29-Aug-2024 14:42:19.222 INFO [main] org.apache.catalina.startup.VersionLoggerListener.log Nombre de la versión del servidor: Apache Tomcat/10.1.28
29-Aug-2024 14:42:19.227 INFO [main] org.apache.catalina.startup.VersionLoggerListener.log Server built:                      Aug 2 2024 15:14:43 UTC
29-Aug-2024 14:42:19.228 INFO [main] org.apache.catalina.startup.VersionLoggerListener.log Número de versión de servidor:     10.1.28.0
29-Aug-2024 14:42:19.229 INFO [main] org.apache.catalina.startup.VersionLoggerListener.log OS Name:                           Windows 11
29-Aug-2024 14:42:19.229 INFO [main] org.apache.catalina.startup.VersionLoggerListener.log Versión de Systema Operativo:      10.0
29-Aug-2024 14:42:19.230 INFO [main] org.apache.catalina.startup.VersionLoggerListener.log Arquitectura:                      amd64
29-Aug-2024 14:42:19.230 INFO [main] org.apache.catalina.startup.VersionLoggerListener.log Java Home:                         C:\Program Files\Java\jdk-22
29-Aug-2024 14:42:19.230 INFO [main] org.apache.catalina.startup.VersionLoggerListener.log JVM Version:                       22.0.2+9-70
29-Aug-2024 14:42:19.230 INFO [main] org.apache.catalina.startup.VersionLoggerListener.log Vededor JVM:                       Oracle Corporation
29-Aug-2024 14:42:19.231 INFO [main] org.apache.catalina.startup.VersionLoggerListener.log CATALINA_BASE:                     C:\Users\jhuse\OneDrive\Escritorio\apache-tomcat-10.1.28
29-Aug-2024 14:42:19.231 INFO [main] org.apache.catalina.startup.VersionLoggerListener.log CATALINA_HOME:                     C:\Users\jhuse\OneDrive\Escritorio\apache-tomcat-10.1.28
29-Aug-2024 14:42:19.254 INFO [main] org.apache.catalina.startup.VersionLoggerListener.log Command line argument:             -Djava.util.logging.config.file=C:\Users\jhuse\OneDrive\Escritorio\apache-tomcat-10.1.28\conf\logging.properties
29-Aug-2024 14:42:19.255 INFO [main] org.apache.catalina.startup.VersionLoggerListener.log Command line argument:             -Djava.util.logging.manager=org.apache.juli.ClassLoaderLogManager
29-Aug-2024 14:42:19.255 INFO [main] org.apache.catalina.startup.VersionLoggerListener.log Command line argument:             -Djdk.tls.ephemeralDHKeySize=2048
29-Aug-2024 14:42:19.255 INFO [main] org.apache.catalina.startup.VersionLoggerListener.log Command line argument:             -Djava.protocol.handler.pkgs=org.apache.catalina.webresources
29-Aug-2024 14:42:19.255 INFO [main] org.apache.catalina.startup.VersionLoggerListener.log Command line argument:             --add-opens=java.base/java.lang=ALL-UNNAMED
29-Aug-2024 14:42:19.255 INFO [main] org.apache.catalina.startup.VersionLoggerListener.log Command line argument:             --add-opens=java.base/java.io=ALL-UNNAMED
29-Aug-2024 14:42:19.256 INFO [main] org.apache.catalina.startup.VersionLoggerListener.log Command line argument:             --add-opens=java.base/java.util=ALL-UNNAMED
29-Aug-2024 14:42:19.256 INFO [main] org.apache.catalina.startup.VersionLoggerListener.log Command line argument:             --add-opens=java.base/java.util.concurrent=ALL-UNNAMED
29-Aug-2024 14:42:19.256 INFO [main] org.apache.catalina.startup.VersionLoggerListener.log Command line argument:             --add-opens=java.rmi/sun.rmi.transport=ALL-UNNAMED
29-Aug-2024 14:42:19.256 INFO [main] org.apache.catalina.startup.VersionLoggerListener.log Command line argument:             -Dcatalina.base=C:\Users\jhuse\OneDrive\Escritorio\apache-tomcat-10.1.28
29-Aug-2024 14:42:19.256 INFO [main] org.apache.catalina.startup.VersionLoggerListener.log Command line argument:             -Dcatalina.home=C:\Users\jhuse\OneDrive\Escritorio\apache-tomcat-10.1.28
29-Aug-2024 14:42:19.257 INFO [main] org.apache.catalina.startup.VersionLoggerListener.log Command line argument:             -Djava.io.tmpdir=C:\Users\jhuse\OneDrive\Escritorio\apache-tomcat-10.1.28\temp
29-Aug-2024 14:42:19.267 INFO [main] org.apache.catalina.core.AprLifecycleListener.lifecycleEvent Cargada la biblioteca nativa APR de Apache Tomcat [2.0.8] con la versión APR [1.7.4].
29-Aug-2024 14:42:19.292 INFO [main] org.apache.catalina.core.AprLifecycleListener.initializeSSL OpenSSL inicializado correctamente [OpenSSL 3.0.14 4 Jun 2024]
29-Aug-2024 14:42:19.844 INFO [main] org.apache.coyote.AbstractProtocol.init Inicializando el manejador de protocolo ["http-nio-8080"]

29-Aug-2024 14:42:19.907 INFO [main] org.apache.catalina.startup.Catalina.load Server initialization in [1095] milliseconds
29-Aug-2024 14:42:20.001 INFO [main] org.apache.catalina.core.StandardService.startInternal Arrancando servicio [Catalina]
29-Aug-2024 14:42:20.001 INFO [main] org.apache.catalina.core.StandardEngine.startInternal Starting Servlet engine: [Apache Tomcat/10.1.28]
29-Aug-2024 14:42:20.017 INFO [main] org.apache.catalina.startup.HostConfig.deployDirectory Desplegando el directorio [C:\Users\jhuse\OneDrive\Escritorio\apache-tomcat-10.1.28\webapps\cafe] de la aplicación web
29-Aug-2024 14:42:20.529 INFO [main] org.apache.jasper.servlet.TldScanner.scanJars Al menos un JAR, que se ha explorado buscando TLDs, aún no contenía TLDs. Activar historial de depuración para este historiador para una completa lista de los JARs que fueron explorados y de los que nos se halló TLDs. Saltarse JARs no necesarios durante la exploración puede dar lugar a una mejora de tiempo significativa en el arranque y compilación de JSP .
29-Aug-2024 14:42:20.623 INFO [main] org.apache.catalina.startup.HostConfig.deployDirectory Deployment of web application directory [C:\Users\jhuse\OneDrive\Escritorio\apache-tomcat-10.1.28\webapps\cafe] has finished in [606] ms
29-Aug-2024 14:42:20.623 INFO [main] org.apache.catalina.startup.HostConfig.deployDirectory Desplegando el directorio [C:\Users\jhuse\OneDrive\Escritorio\apache-tomcat-10.1.28\webapps\docs] de la aplicación web
29-Aug-2024 14:42:20.748 INFO [main] org.apache.jasper.servlet.TldScanner.scanJars Al menos un JAR, que se ha explorado buscando TLDs, aún no contenía TLDs. Activar historial de depuración para este historiador para una completa lista de los JARs que fueron explorados y de los que nos se halló TLDs. Saltarse JARs no necesarios durante la exploración puede dar lugar a una mejora de tiempo significativa en el arranque y compilación de JSP .
29-Aug-2024 14:42:20.748 INFO [main] org.apache.catalina.startup.HostConfig.deployDirectory Deployment of web application directory [C:\Users\jhuse\OneDrive\Escritorio\apache-tomcat-10.1.28\webapps\docs] has finished in [125] ms
29-Aug-2024 14:42:20.748 INFO [main] org.apache.catalina.startup.HostConfig.deployDirectory Desplegando el directorio [C:\Users\jhuse\OneDrive\Escritorio\apache-tomcat-10.1.28\webapps\examples] de la aplicación web
29-Aug-2024 14:42:21.635 INFO [main] org.apache.jasper.servlet.TldScanner.scanJars Al menos un JAR, que se ha explorado buscando TLDs, aún no contenía TLDs. Activar historial de depuración para este historiador para una completa lista de los JARs que fueron explorados y de los que nos se halló TLDs. Saltarse JARs no necesarios durante la exploración puede dar lugar a una mejora de tiempo significativa en el arranque y compilación de JSP .
29-Aug-2024 14:42:21.754 INFO [main] org.apache.catalina.startup.HostConfig.deployDirectory Deployment of web application directory [C:\Users\jhuse\OneDrive\Escritorio\apache-tomcat-10.1.28\webapps\examples] has finished in [1.006] ms
29-Aug-2024 14:42:21.755 INFO [main] org.apache.catalina.startup.HostConfig.deployDirectory Desplegando el directorio [C:\Users\jhuse\OneDrive\Escritorio\apache-tomcat-10.1.28\webapps\host-manager] de la aplicación web
29-Aug-2024 14:42:21.842 INFO [main] org.apache.jasper.servlet.TldScanner.scanJars Al menos un JAR, que se ha explorado buscando TLDs, aún no contenía TLDs. Activar historial de depuración para este historiador para una completa lista de los JARs que fueron explorados y de los que nos se halló TLDs. Saltarse JARs no necesarios durante la exploración puede dar lugar a una mejora de tiempo significativa en el arranque y compilación de JSP .
29-Aug-2024 14:42:21.858 INFO [main] org.apache.catalina.startup.HostConfig.deployDirectory Deployment of web application directory [C:\Users\jhuse\OneDrive\Escritorio\apache-tomcat-10.1.28\webapps\host-manager] has finished in [104] ms
29-Aug-2024 14:42:21.859 INFO [main] org.apache.catalina.startup.HostConfig.deployDirectory Desplegando el directorio [C:\Users\jhuse\OneDrive\Escritorio\apache-tomcat-10.1.28\webapps\Krakedev] de la aplicación web
29-Aug-2024 14:42:21.919 INFO [main] org.apache.jasper.servlet.TldScanner.scanJars Al menos un JAR, que se ha explorado buscando TLDs, aún no contenía TLDs. Activar historial de depuración para este historiador para una completa lista de los JARs que fueron explorados y de los que nos se halló TLDs. Saltarse JARs no necesarios durante la exploración puede dar lugar a una mejora de tiempo significativa en el arranque y compilación de JSP .
29-Aug-2024 14:42:21.925 INFO [main] org.apache.catalina.startup.HostConfig.deployDirectory Deployment of web application directory [C:\Users\jhuse\OneDrive\Escritorio\apache-tomcat-10.1.28\webapps\Krakedev] has finished in [66] ms
29-Aug-2024 14:42:21.926 INFO [main] org.apache.catalina.startup.HostConfig.deployDirectory Desplegando el directorio [C:\Users\jhuse\OneDrive\Escritorio\apache-tomcat-10.1.28\webapps\manager] de la aplicación web
29-Aug-2024 14:42:22.010 INFO [main] org.apache.jasper.servlet.TldScanner.scanJars Al menos un JAR, que se ha explorado buscando TLDs, aún no contenía TLDs. Activar historial de depuración para este historiador para una completa lista de los JARs que fueron explorados y de los que nos se halló TLDs. Saltarse JARs no necesarios durante la exploración puede dar lugar a una mejora de tiempo significativa en el arranque y compilación de JSP .
29-Aug-2024 14:42:22.015 INFO [main] org.apache.catalina.startup.HostConfig.deployDirectory Deployment of web application directory [C:\Users\jhuse\OneDrive\Escritorio\apache-tomcat-10.1.28\webapps\manager] has finished in [89] ms
29-Aug-2024 14:42:22.016 INFO [main] org.apache.catalina.startup.HostConfig.deployDirectory Desplegando el directorio [C:\Users\jhuse\OneDrive\Escritorio\apache-tomcat-10.1.28\webapps\ROOT] de la aplicación web
29-Aug-2024 14:42:22.080 INFO [main] org.apache.jasper.servlet.TldScanner.scanJars Al menos un JAR, que se ha explorado buscando TLDs, aún no contenía TLDs. Activar historial de depuración para este historiador para una completa lista de los JARs que fueron explorados y de los que nos se halló TLDs. Saltarse JARs no necesarios durante la exploración puede dar lugar a una mejora de tiempo significativa en el arranque y compilación de JSP .
29-Aug-2024 14:42:22.086 INFO [main] org.apache.catalina.startup.HostConfig.deployDirectory Deployment of web application directory [C:\Users\jhuse\OneDrive\Escritorio\apache-tomcat-10.1.28\webapps\ROOT] has finished in [69] ms
29-Aug-2024 14:42:22.094 INFO [main] org.apache.coyote.AbstractProtocol.start Starting ProtocolHandler ["http-nio-8080"]
29-Aug-2024 14:42:22.136 INFO [main] org.apache.catalina.startup.Catalina.start Server startup in [2221] milliseconds
