27-Aug-2024 20:08:25.667 INFO [main] org.apache.catalina.startup.VersionLoggerListener.log Nombre de la versión del servidor: Apache Tomcat/10.1.28
27-Aug-2024 20:08:25.672 INFO [main] org.apache.catalina.startup.VersionLoggerListener.log Server built:                      Aug 2 2024 15:14:43 UTC
27-Aug-2024 20:08:25.673 INFO [main] org.apache.catalina.startup.VersionLoggerListener.log Número de versión de servidor:     10.1.28.0
27-Aug-2024 20:08:25.673 INFO [main] org.apache.catalina.startup.VersionLoggerListener.log OS Name:                           Windows 11
27-Aug-2024 20:08:25.674 INFO [main] org.apache.catalina.startup.VersionLoggerListener.log Versión de Systema Operativo:      10.0
27-Aug-2024 20:08:25.674 INFO [main] org.apache.catalina.startup.VersionLoggerListener.log Arquitectura:                      amd64
27-Aug-2024 20:08:25.675 INFO [main] org.apache.catalina.startup.VersionLoggerListener.log Java Home:                         C:\Program Files\Java\jdk-22
27-Aug-2024 20:08:25.675 INFO [main] org.apache.catalina.startup.VersionLoggerListener.log JVM Version:                       22.0.2+9-70
27-Aug-2024 20:08:25.675 INFO [main] org.apache.catalina.startup.VersionLoggerListener.log Vededor JVM:                       Oracle Corporation
27-Aug-2024 20:08:25.675 INFO [main] org.apache.catalina.startup.VersionLoggerListener.log CATALINA_BASE:                     C:\Users\jhuse\OneDrive\Escritorio\apache-tomcat-10.1.28
27-Aug-2024 20:08:25.675 INFO [main] org.apache.catalina.startup.VersionLoggerListener.log CATALINA_HOME:                     C:\Users\jhuse\OneDrive\Escritorio\apache-tomcat-10.1.28
27-Aug-2024 20:08:25.686 INFO [main] org.apache.catalina.startup.VersionLoggerListener.log Command line argument:             -Djava.util.logging.config.file=C:\Users\jhuse\OneDrive\Escritorio\apache-tomcat-10.1.28\conf\logging.properties
27-Aug-2024 20:08:25.686 INFO [main] org.apache.catalina.startup.VersionLoggerListener.log Command line argument:             -Djava.util.logging.manager=org.apache.juli.ClassLoaderLogManager
27-Aug-2024 20:08:25.686 INFO [main] org.apache.catalina.startup.VersionLoggerListener.log Command line argument:             -Djdk.tls.ephemeralDHKeySize=2048
27-Aug-2024 20:08:25.686 INFO [main] org.apache.catalina.startup.VersionLoggerListener.log Command line argument:             -Djava.protocol.handler.pkgs=org.apache.catalina.webresources
27-Aug-2024 20:08:25.686 INFO [main] org.apache.catalina.startup.VersionLoggerListener.log Command line argument:             --add-opens=java.base/java.lang=ALL-UNNAMED
27-Aug-2024 20:08:25.686 INFO [main] org.apache.catalina.startup.VersionLoggerListener.log Command line argument:             --add-opens=java.base/java.io=ALL-UNNAMED
27-Aug-2024 20:08:25.686 INFO [main] org.apache.catalina.startup.VersionLoggerListener.log Command line argument:             --add-opens=java.base/java.util=ALL-UNNAMED
27-Aug-2024 20:08:25.686 INFO [main] org.apache.catalina.startup.VersionLoggerListener.log Command line argument:             --add-opens=java.base/java.util.concurrent=ALL-UNNAMED
27-Aug-2024 20:08:25.686 INFO [main] org.apache.catalina.startup.VersionLoggerListener.log Command line argument:             --add-opens=java.rmi/sun.rmi.transport=ALL-UNNAMED
27-Aug-2024 20:08:25.686 INFO [main] org.apache.catalina.startup.VersionLoggerListener.log Command line argument:             -Dcatalina.base=C:\Users\jhuse\OneDrive\Escritorio\apache-tomcat-10.1.28
27-Aug-2024 20:08:25.686 INFO [main] org.apache.catalina.startup.VersionLoggerListener.log Command line argument:             -Dcatalina.home=C:\Users\jhuse\OneDrive\Escritorio\apache-tomcat-10.1.28
27-Aug-2024 20:08:25.686 INFO [main] org.apache.catalina.startup.VersionLoggerListener.log Command line argument:             -Djava.io.tmpdir=C:\Users\jhuse\OneDrive\Escritorio\apache-tomcat-10.1.28\temp
27-Aug-2024 20:08:25.697 INFO [main] org.apache.catalina.core.AprLifecycleListener.lifecycleEvent Cargada la biblioteca nativa APR de Apache Tomcat [2.0.8] con la versión APR [1.7.4].
27-Aug-2024 20:08:25.705 INFO [main] org.apache.catalina.core.AprLifecycleListener.initializeSSL OpenSSL inicializado correctamente [OpenSSL 3.0.14 4 Jun 2024]
27-Aug-2024 20:08:26.076 INFO [main] org.apache.coyote.AbstractProtocol.init Inicializando el manejador de protocolo ["http-nio-8080"]

27-Aug-2024 20:08:26.119 INFO [main] org.apache.catalina.startup.Catalina.load Server initialization in [712] milliseconds
27-Aug-2024 20:08:26.216 INFO [main] org.apache.catalina.core.StandardService.startInternal Arrancando servicio [Catalina]
27-Aug-2024 20:08:26.216 INFO [main] org.apache.catalina.core.StandardEngine.startInternal Starting Servlet engine: [Apache Tomcat/10.1.28]
27-Aug-2024 20:08:26.240 INFO [main] org.apache.catalina.startup.HostConfig.deployDirectory Desplegando el directorio [C:\Users\jhuse\OneDrive\Escritorio\apache-tomcat-10.1.28\webapps\docs] de la aplicación web
27-Aug-2024 20:08:26.848 INFO [main] org.apache.jasper.servlet.TldScanner.scanJars Al menos un JAR, que se ha explorado buscando TLDs, aún no contenía TLDs. Activar historial de depuración para este historiador para una completa lista de los JARs que fueron explorados y de los que nos se halló TLDs. Saltarse JARs no necesarios durante la exploración puede dar lugar a una mejora de tiempo significativa en el arranque y compilación de JSP .
27-Aug-2024 20:08:26.936 INFO [main] org.apache.catalina.startup.HostConfig.deployDirectory Deployment of web application directory [C:\Users\jhuse\OneDrive\Escritorio\apache-tomcat-10.1.28\webapps\docs] has finished in [696] ms
27-Aug-2024 20:08:26.936 INFO [main] org.apache.catalina.startup.HostConfig.deployDirectory Desplegando el directorio [C:\Users\jhuse\OneDrive\Escritorio\apache-tomcat-10.1.28\webapps\examples] de la aplicación web
27-Aug-2024 20:08:27.669 INFO [main] org.apache.jasper.servlet.TldScanner.scanJars Al menos un JAR, que se ha explorado buscando TLDs, aún no contenía TLDs. Activar historial de depuración para este historiador para una completa lista de los JARs que fueron explorados y de los que nos se halló TLDs. Saltarse JARs no necesarios durante la exploración puede dar lugar a una mejora de tiempo significativa en el arranque y compilación de JSP .
27-Aug-2024 20:08:27.785 INFO [main] org.apache.catalina.startup.HostConfig.deployDirectory Deployment of web application directory [C:\Users\jhuse\OneDrive\Escritorio\apache-tomcat-10.1.28\webapps\examples] has finished in [849] ms
27-Aug-2024 20:08:27.787 INFO [main] org.apache.catalina.startup.HostConfig.deployDirectory Desplegando el directorio [C:\Users\jhuse\OneDrive\Escritorio\apache-tomcat-10.1.28\webapps\host-manager] de la aplicación web
27-Aug-2024 20:08:27.891 INFO [main] org.apache.jasper.servlet.TldScanner.scanJars Al menos un JAR, que se ha explorado buscando TLDs, aún no contenía TLDs. Activar historial de depuración para este historiador para una completa lista de los JARs que fueron explorados y de los que nos se halló TLDs. Saltarse JARs no necesarios durante la exploración puede dar lugar a una mejora de tiempo significativa en el arranque y compilación de JSP .
27-Aug-2024 20:08:27.912 INFO [main] org.apache.catalina.startup.HostConfig.deployDirectory Deployment of web application directory [C:\Users\jhuse\OneDrive\Escritorio\apache-tomcat-10.1.28\webapps\host-manager] has finished in [127] ms
27-Aug-2024 20:08:27.913 INFO [main] org.apache.catalina.startup.HostConfig.deployDirectory Desplegando el directorio [C:\Users\jhuse\OneDrive\Escritorio\apache-tomcat-10.1.28\webapps\manager] de la aplicación web
27-Aug-2024 20:08:28.001 INFO [main] org.apache.jasper.servlet.TldScanner.scanJars Al menos un JAR, que se ha explorado buscando TLDs, aún no contenía TLDs. Activar historial de depuración para este historiador para una completa lista de los JARs que fueron explorados y de los que nos se halló TLDs. Saltarse JARs no necesarios durante la exploración puede dar lugar a una mejora de tiempo significativa en el arranque y compilación de JSP .
27-Aug-2024 20:08:28.005 INFO [main] org.apache.catalina.startup.HostConfig.deployDirectory Deployment of web application directory [C:\Users\jhuse\OneDrive\Escritorio\apache-tomcat-10.1.28\webapps\manager] has finished in [92] ms
27-Aug-2024 20:08:28.006 INFO [main] org.apache.catalina.startup.HostConfig.deployDirectory Desplegando el directorio [C:\Users\jhuse\OneDrive\Escritorio\apache-tomcat-10.1.28\webapps\ROOT] de la aplicación web
27-Aug-2024 20:08:28.076 INFO [main] org.apache.jasper.servlet.TldScanner.scanJars Al menos un JAR, que se ha explorado buscando TLDs, aún no contenía TLDs. Activar historial de depuración para este historiador para una completa lista de los JARs que fueron explorados y de los que nos se halló TLDs. Saltarse JARs no necesarios durante la exploración puede dar lugar a una mejora de tiempo significativa en el arranque y compilación de JSP .
27-Aug-2024 20:08:28.081 INFO [main] org.apache.catalina.startup.HostConfig.deployDirectory Deployment of web application directory [C:\Users\jhuse\OneDrive\Escritorio\apache-tomcat-10.1.28\webapps\ROOT] has finished in [75] ms
27-Aug-2024 20:08:28.091 INFO [main] org.apache.coyote.AbstractProtocol.start Starting ProtocolHandler ["http-nio-8080"]
27-Aug-2024 20:08:28.144 INFO [main] org.apache.catalina.startup.Catalina.start Server startup in [2022] milliseconds
27-Aug-2024 20:20:48.965 INFO [Catalina-utility-1] org.apache.catalina.startup.HostConfig.deployDirectory Desplegando el directorio [C:\Users\jhuse\OneDrive\Escritorio\apache-tomcat-10.1.28\webapps\Nueva carpeta] de la aplicación web
27-Aug-2024 20:20:49.014 INFO [Catalina-utility-1] org.apache.jasper.servlet.TldScanner.scanJars Al menos un JAR, que se ha explorado buscando TLDs, aún no contenía TLDs. Activar historial de depuración para este historiador para una completa lista de los JARs que fueron explorados y de los que nos se halló TLDs. Saltarse JARs no necesarios durante la exploración puede dar lugar a una mejora de tiempo significativa en el arranque y compilación de JSP .
27-Aug-2024 20:20:49.022 INFO [Catalina-utility-1] org.apache.catalina.startup.HostConfig.deployDirectory Deployment of web application directory [C:\Users\jhuse\OneDrive\Escritorio\apache-tomcat-10.1.28\webapps\Nueva carpeta] has finished in [56] ms
27-Aug-2024 20:20:59.548 INFO [Catalina-utility-2] org.apache.catalina.startup.HostConfig.undeploy Repliegue (undeploy) de la aplicación web que tiene como trayectoria de contexto [/Nueva carpeta]
27-Aug-2024 20:20:59.569 INFO [Catalina-utility-2] org.apache.catalina.startup.HostConfig.deployDirectory Desplegando el directorio [C:\Users\jhuse\OneDrive\Escritorio\apache-tomcat-10.1.28\webapps\Krakedevs] de la aplicación web
27-Aug-2024 20:20:59.616 INFO [Catalina-utility-2] org.apache.jasper.servlet.TldScanner.scanJars Al menos un JAR, que se ha explorado buscando TLDs, aún no contenía TLDs. Activar historial de depuración para este historiador para una completa lista de los JARs que fueron explorados y de los que nos se halló TLDs. Saltarse JARs no necesarios durante la exploración puede dar lugar a una mejora de tiempo significativa en el arranque y compilación de JSP .
27-Aug-2024 20:20:59.622 INFO [Catalina-utility-2] org.apache.catalina.startup.HostConfig.deployDirectory Deployment of web application directory [C:\Users\jhuse\OneDrive\Escritorio\apache-tomcat-10.1.28\webapps\Krakedevs] has finished in [53] ms
27-Aug-2024 20:21:20.147 INFO [Catalina-utility-2] org.apache.catalina.startup.HostConfig.undeploy Repliegue (undeploy) de la aplicación web que tiene como trayectoria de contexto [/Krakedevs]
27-Aug-2024 20:21:20.160 INFO [Catalina-utility-2] org.apache.catalina.startup.HostConfig.deployDirectory Desplegando el directorio [C:\Users\jhuse\OneDrive\Escritorio\apache-tomcat-10.1.28\webapps\Krakedev] de la aplicación web
27-Aug-2024 20:21:20.205 INFO [Catalina-utility-2] org.apache.jasper.servlet.TldScanner.scanJars Al menos un JAR, que se ha explorado buscando TLDs, aún no contenía TLDs. Activar historial de depuración para este historiador para una completa lista de los JARs que fueron explorados y de los que nos se halló TLDs. Saltarse JARs no necesarios durante la exploración puede dar lugar a una mejora de tiempo significativa en el arranque y compilación de JSP .
27-Aug-2024 20:21:20.210 INFO [Catalina-utility-2] org.apache.catalina.startup.HostConfig.deployDirectory Deployment of web application directory [C:\Users\jhuse\OneDrive\Escritorio\apache-tomcat-10.1.28\webapps\Krakedev] has finished in [50] ms
